Determining if the pthread_create exist failed with the following output:
Change Dir: /home/parallels/appprs/workspace/src/my_controller_pkg/build/CMakeFiles/CMakeTmp

Run Build Command:/usr/bin/make "cmTryCompileExec2380343313/fast"
make[1]: Entering directory `/home/parallels/appprs/workspace/src/my_controller_pkg/build/CMakeFiles/CMakeTmp'
/usr/bin/make -f CMakeFiles/cmTryCompileExec2380343313.dir/build.make CMakeFiles/cmTryCompileExec2380343313.dir/build
make[2]: Entering directory `/home/parallels/appprs/workspace/src/my_controller_pkg/build/CMakeFiles/CMakeTmp'
/usr/bin/cmake -E cmake_progress_report /home/parallels/appprs/workspace/src/my_controller_pkg/build/CMakeFiles/CMakeTmp/CMakeFiles 1
Building C object CMakeFiles/cmTryCompileExec2380343313.dir/CheckSymbolExists.c.o
/usr/bin/cc    -o CMakeFiles/cmTryCompileExec2380343313.dir/CheckSymbolExists.c.o   -c /home/parallels/appprs/workspace/src/my_controller_pkg/build/CMakeFiles/CMakeTmp/CheckSymbolExists.c
Linking C executable cmTryCompileExec2380343313
/usr/bin/cmake -E cmake_link_script CMakeFiles/cmTryCompileExec2380343313.dir/link.txt --verbose=1
/usr/bin/cc       CMakeFiles/cmTryCompileExec2380343313.dir/CheckSymbolExists.c.o  -o cmTryCompileExec2380343313 -rdynamic 
CMakeFiles/cmTryCompileExec2380343313.dir/CheckSymbolExists.c.o: In function `main':
CheckSymbolExists.c:(.text+0x16): undefined reference to `pthread_create'
collect2: error: ld returned 1 exit status
make[2]: *** [cmTryCompileExec2380343313] Error 1
make[2]: Leaving directory `/home/parallels/appprs/workspace/src/my_controller_pkg/build/CMakeFiles/CMakeTmp'
make[1]: *** [cmTryCompileExec2380343313/fast] Error 2
make[1]: Leaving directory `/home/parallels/appprs/workspace/src/my_controller_pkg/build/CMakeFiles/CMakeTmp'

File /home/parallels/appprs/workspace/src/my_controller_pkg/build/CMakeFiles/CMakeTmp/CheckSymbolExists.c:
/* */
#include <pthread.h>

int main(int argc, char** argv)
{
  (void)argv;
#ifndef pthread_create
  return ((int*)(&pthread_create))[argc];
#else
  (void)argc;
  return 0;
#endif
}

Determining if the function pthread_create exists in the pthreads failed with the following output:
Change Dir: /home/parallels/appprs/workspace/src/my_controller_pkg/build/CMakeFiles/CMakeTmp

Run Build Command:/usr/bin/make "cmTryCompileExec801183455/fast"
make[1]: Entering directory `/home/parallels/appprs/workspace/src/my_controller_pkg/build/CMakeFiles/CMakeTmp'
/usr/bin/make -f CMakeFiles/cmTryCompileExec801183455.dir/build.make CMakeFiles/cmTryCompileExec801183455.dir/build
make[2]: Entering directory `/home/parallels/appprs/workspace/src/my_controller_pkg/build/CMakeFiles/CMakeTmp'
/usr/bin/cmake -E cmake_progress_report /home/parallels/appprs/workspace/src/my_controller_pkg/build/CMakeFiles/CMakeTmp/CMakeFiles 1
Building C object CMakeFiles/cmTryCompileExec801183455.dir/CheckFunctionExists.c.o
/usr/bin/cc   -DCHECK_FUNCTION_EXISTS=pthread_create   -o CMakeFiles/cmTryCompileExec801183455.dir/CheckFunctionExists.c.o   -c /usr/share/cmake-2.8/Modules/CheckFunctionExists.c
Linking C executable cmTryCompileExec801183455
/usr/bin/cmake -E cmake_link_script CMakeFiles/cmTryCompileExec801183455.dir/link.txt --verbose=1
/usr/bin/cc   -DCHECK_FUNCTION_EXISTS=pthread_create    CMakeFiles/cmTryCompileExec801183455.dir/CheckFunctionExists.c.o  -o cmTryCompileExec801183455 -rdynamic -lpthreads 
/usr/bin/ld: cannot find -lpthreads
collect2: error: ld returned 1 exit status
make[2]: *** [cmTryCompileExec801183455] Error 1
make[2]: Leaving directory `/home/parallels/appprs/workspace/src/my_controller_pkg/build/CMakeFiles/CMakeTmp'
make[1]: *** [cmTryCompileExec801183455/fast] Error 2
make[1]: Leaving directory `/home/parallels/appprs/workspace/src/my_controller_pkg/build/CMakeFiles/CMakeTmp'


